c:\users\p-u-r\desktop\stuffcode\s.t.u.f.f\src\stuff\stuff\intermediate\release\win32\vc140.pdb
c:\users\p-u-r\desktop\stuffcode\s.t.u.f.f\src\stuff\stuff\intermediate\release\win32\map.obj
c:\users\p-u-r\desktop\stuffcode\s.t.u.f.f\src\stuff\stuff\intermediate\release\win32\mainscene.obj
c:\users\p-u-r\desktop\stuffcode\s.t.u.f.f\src\stuff\stuff\intermediate\release\win32\main.obj
c:\users\p-u-r\desktop\stuffcode\s.t.u.f.f\src\stuff\stuff\intermediate\release\win32\luareader.obj
c:\users\p-u-r\desktop\stuffcode\s.t.u.f.f\src\stuff\stuff\intermediate\release\win32\logoscene.obj
c:\users\p-u-r\desktop\stuffcode\s.t.u.f.f\src\stuff\stuff\intermediate\release\win32\laser.obj
c:\users\p-u-r\desktop\stuffcode\s.t.u.f.f\src\stuff\stuff\intermediate\release\win32\kraken.obj
c:\users\p-u-r\desktop\stuffcode\s.t.u.f.f\src\stuff\stuff\intermediate\release\win32\item.obj
c:\users\p-u-r\desktop\stuffcode\s.t.u.f.f\src\stuff\stuff\intermediate\release\win32\hudemitter.obj
c:\users\p-u-r\desktop\stuffcode\s.t.u.f.f\src\stuff\stuff\intermediate\release\win32\hud.obj
c:\users\p-u-r\desktop\stuffcode\s.t.u.f.f\src\stuff\stuff\intermediate\release\win32\highscore.obj
c:\users\p-u-r\desktop\stuffcode\s.t.u.f.f\src\stuff\stuff\intermediate\release\win32\gamescene.obj
c:\users\p-u-r\desktop\stuffcode\s.t.u.f.f\src\stuff\stuff\intermediate\release\win32\gamecamera.obj
c:\users\p-u-r\desktop\stuffcode\s.t.u.f.f\src\stuff\stuff\intermediate\release\win32\explosion.obj
c:\users\p-u-r\desktop\stuffcode\s.t.u.f.f\src\stuff\stuff\intermediate\release\win32\enemy.obj
c:\users\p-u-r\desktop\stuffcode\s.t.u.f.f\src\stuff\stuff\intermediate\release\win32\creditscene.obj
c:\users\p-u-r\desktop\stuffcode\s.t.u.f.f\src\stuff\stuff\intermediate\release\win32\bullet.obj
c:\users\p-u-r\desktop\stuffcode\s.t.u.f.f\src\stuff\stuff\intermediate\release\win32\bubbleemitter.obj
c:\users\p-u-r\desktop\stuffcode\s.t.u.f.f\src\stuff\stuff\intermediate\release\win32\biguboot.obj
c:\users\p-u-r\desktop\stuffcode\s.t.u.f.f\src\stuff\stuff\intermediate\release\win32\background.obj
c:\users\p-u-r\desktop\stuffcode\s.t.u.f.f\src\stuff\stuff\intermediate\release\win32\spritereader.obj
c:\users\p-u-r\desktop\stuffcode\s.t.u.f.f\src\stuff\stuff\intermediate\release\win32\soundmanager.obj
c:\users\p-u-r\desktop\stuffcode\s.t.u.f.f\src\stuff\stuff\intermediate\release\win32\player.obj
c:\users\p-u-r\desktop\stuffcode\s.t.u.f.f\src\stuff\stuff\intermediate\release\win32\menuscene.obj
c:\users\p-u-r\desktop\stuffcode\s.t.u.f.f\src\stuff\stuff\intermediate\release\win32\menufish.obj
c:\users\p-u-r\desktop\stuffcode\s.t.u.f.f\src\stuff\stuff\intermediate\release\win32\resource.res
c:\users\p-u-r\desktop\stuffcode\s.t.u.f.f\src\stuff\stuff\intermediate\release\win32\stuff.tlog\cl.command.1.tlog
c:\users\p-u-r\desktop\stuffcode\s.t.u.f.f\src\stuff\stuff\intermediate\release\win32\stuff.tlog\cl.read.1.tlog
c:\users\p-u-r\desktop\stuffcode\s.t.u.f.f\src\stuff\stuff\intermediate\release\win32\stuff.tlog\cl.write.1.tlog
c:\users\p-u-r\desktop\stuffcode\s.t.u.f.f\src\stuff\stuff\intermediate\release\win32\stuff.tlog\link.command.1.tlog
c:\users\p-u-r\desktop\stuffcode\s.t.u.f.f\src\stuff\stuff\intermediate\release\win32\stuff.tlog\link.read.1.tlog
c:\users\p-u-r\desktop\stuffcode\s.t.u.f.f\src\stuff\stuff\intermediate\release\win32\stuff.tlog\link.write.1.tlog
c:\users\p-u-r\desktop\stuffcode\s.t.u.f.f\src\stuff\stuff\intermediate\release\win32\stuff.tlog\rc.command.1.tlog
c:\users\p-u-r\desktop\stuffcode\s.t.u.f.f\src\stuff\stuff\intermediate\release\win32\stuff.tlog\rc.read.1.tlog
c:\users\p-u-r\desktop\stuffcode\s.t.u.f.f\src\stuff\stuff\intermediate\release\win32\stuff.tlog\rc.write.1.tlog
