PuRe.Core.lib(Sprite.obj) : error LNK2038: Konflikt ermittelt für "_MSC_VER": Der Wert "1800" stimmt nicht mit dem Wert "1900" in Background.obj überein.
PuRe.Core.lib(BoundingBox.obj) : error LNK2038: Konflikt ermittelt für "_MSC_VER": Der Wert "1800" stimmt nicht mit dem Wert "1900" in Background.obj überein.
PuRe.Core.lib(Timer.obj) : error LNK2038: Konflikt ermittelt für "_MSC_VER": Der Wert "1800" stimmt nicht mit dem Wert "1900" in Background.obj überein.
PuRe.Core.lib(Camera.obj) : error LNK2038: Konflikt ermittelt für "_MSC_VER": Der Wert "1800" stimmt nicht mit dem Wert "1900" in Background.obj überein.
PuRe.Core.lib(Font.obj) : error LNK2038: Konflikt ermittelt für "_MSC_VER": Der Wert "1800" stimmt nicht mit dem Wert "1900" in Background.obj überein.
PuRe.Core.lib(SoundPlayer.obj) : error LNK2038: Konflikt ermittelt für "_MSC_VER": Der Wert "1800" stimmt nicht mit dem Wert "1900" in Background.obj überein.
PuRe.Core.lib(PlatformWin.obj) : error LNK2038: Konflikt ermittelt für "_MSC_VER": Der Wert "1800" stimmt nicht mit dem Wert "1900" in Background.obj überein.
PuRe.Core.lib(Application.obj) : error LNK2038: Konflikt ermittelt für "_MSC_VER": Der Wert "1800" stimmt nicht mit dem Wert "1900" in Background.obj überein.
PuRe.Core.lib(Quad.obj) : error LNK2038: Konflikt ermittelt für "_MSC_VER": Der Wert "1800" stimmt nicht mit dem Wert "1900" in Background.obj überein.
PuRe.Core.lib(WindowWin.obj) : error LNK2038: Konflikt ermittelt für "_MSC_VER": Der Wert "1800" stimmt nicht mit dem Wert "1900" in Background.obj überein.
PuRe.Core.lib(InputWin.obj) : error LNK2038: Konflikt ermittelt für "_MSC_VER": Der Wert "1800" stimmt nicht mit dem Wert "1900" in Background.obj überein.
PuRe.Core.lib(SignalHandlerWin.obj) : error LNK2038: Konflikt ermittelt für "_MSC_VER": Der Wert "1800" stimmt nicht mit dem Wert "1900" in Background.obj überein.
PuRe.Core.lib(PlatformWin.obj) : warning LNK4049: Lokal definiertes Symbol "??0_Container_base12@std@@QEAA@XZ (public: __cdecl std::_Container_base12::_Container_base12(void))" wurde importiert.
PuRe.Core.lib(Application.obj) : warning LNK4049: Lokal definiertes Symbol "??0_Container_base12@std@@QEAA@XZ (public: __cdecl std::_Container_base12::_Container_base12(void))" wurde importiert.
PuRe.Core.lib(Quad.obj) : warning LNK4049: Lokal definiertes Symbol "??0_Container_base12@std@@QEAA@XZ (public: __cdecl std::_Container_base12::_Container_base12(void))" wurde importiert.
PuRe.Core.lib(Sprite.obj) : warning LNK4217: Lokal definiertes Symbol "??0_Container_base12@std@@QEAA@XZ (public: __cdecl std::_Container_base12::_Container_base12(void))" wurde in "public: __cdecl std::_String_val<struct std::_Simple_types<char> >::_String_val<struct std::_Simple_types<char> >(void)" (??0?$_String_val@U?$_Simple_types@D@std@@@std@@QEAA@XZ)-Funktion importiert.
PuRe.Core.lib(Camera.obj) : warning LNK4049: Lokal definiertes Symbol "??0_Container_base12@std@@QEAA@XZ (public: __cdecl std::_Container_base12::_Container_base12(void))" wurde importiert.
PuRe.Core.lib(Font.obj) : warning LNK4049: Lokal definiertes Symbol "??0_Container_base12@std@@QEAA@XZ (public: __cdecl std::_Container_base12::_Container_base12(void))" wurde importiert.
PuRe.Core.lib(SoundPlayer.obj) : warning LNK4049: Lokal definiertes Symbol "??0_Container_base12@std@@QEAA@XZ (public: __cdecl std::_Container_base12::_Container_base12(void))" wurde importiert.
PuRe.Core.lib(PlatformWin.obj) : warning LNK4049: Lokal definiertes Symbol "??1_Container_base12@std@@QEAA@XZ (public: __cdecl std::_Container_base12::~_Container_base12(void))" wurde importiert.
PuRe.Core.lib(Application.obj) : warning LNK4049: Lokal definiertes Symbol "??1_Container_base12@std@@QEAA@XZ (public: __cdecl std::_Container_base12::~_Container_base12(void))" wurde importiert.
PuRe.Core.lib(Quad.obj) : warning LNK4049: Lokal definiertes Symbol "??1_Container_base12@std@@QEAA@XZ (public: __cdecl std::_Container_base12::~_Container_base12(void))" wurde importiert.
PuRe.Core.lib(Sprite.obj) : warning LNK4217: Lokal definiertes Symbol "??1_Container_base12@std@@QEAA@XZ (public: __cdecl std::_Container_base12::~_Container_base12(void))" wurde in "public: __cdecl std::_String_val<struct std::_Simple_types<char> >::~_String_val<struct std::_Simple_types<char> >(void)" (??1?$_String_val@U?$_Simple_types@D@std@@@std@@QEAA@XZ)-Funktion importiert.
PuRe.Core.lib(Camera.obj) : warning LNK4049: Lokal definiertes Symbol "??1_Container_base12@std@@QEAA@XZ (public: __cdecl std::_Container_base12::~_Container_base12(void))" wurde importiert.
PuRe.Core.lib(Font.obj) : warning LNK4049: Lokal definiertes Symbol "??1_Container_base12@std@@QEAA@XZ (public: __cdecl std::_Container_base12::~_Container_base12(void))" wurde importiert.
PuRe.Core.lib(SoundPlayer.obj) : warning LNK4049: Lokal definiertes Symbol "??1_Container_base12@std@@QEAA@XZ (public: __cdecl std::_Container_base12::~_Container_base12(void))" wurde importiert.
PuRe.Core.lib(PlatformWin.obj) : warning LNK4049: Lokal definiertes Symbol "?_Orphan_all@_Container_base12@std@@QEAAXXZ (public: void __cdecl std::_Container_base12::_Orphan_all(void))" wurde importiert.
PuRe.Core.lib(Application.obj) : warning LNK4049: Lokal definiertes Symbol "?_Orphan_all@_Container_base12@std@@QEAAXXZ (public: void __cdecl std::_Container_base12::_Orphan_all(void))" wurde importiert.
PuRe.Core.lib(Quad.obj) : warning LNK4049: Lokal definiertes Symbol "?_Orphan_all@_Container_base12@std@@QEAAXXZ (public: void __cdecl std::_Container_base12::_Orphan_all(void))" wurde importiert.
PuRe.Core.lib(Sprite.obj) : warning LNK4217: Lokal definiertes Symbol "?_Orphan_all@_Container_base12@std@@QEAAXXZ (public: void __cdecl std::_Container_base12::_Orphan_all(void))" wurde in "public: void __cdecl std::_String_alloc<0,struct std::_String_base_types<char,class std::allocator<char> > >::_Free_proxy(void)" (?_Free_proxy@?$_String_alloc@$0A@U?$_String_base_types@DV?$allocator@D@std@@@std@@@std@@QEAAXXZ)-Funktion importiert.
PuRe.Core.lib(Camera.obj) : warning LNK4049: Lokal definiertes Symbol "?_Orphan_all@_Container_base12@std@@QEAAXXZ (public: void __cdecl std::_Container_base12::_Orphan_all(void))" wurde importiert.
PuRe.Core.lib(Font.obj) : warning LNK4049: Lokal definiertes Symbol "?_Orphan_all@_Container_base12@std@@QEAAXXZ (public: void __cdecl std::_Container_base12::_Orphan_all(void))" wurde importiert.
PuRe.Core.lib(SoundPlayer.obj) : warning LNK4049: Lokal definiertes Symbol "?_Orphan_all@_Container_base12@std@@QEAAXXZ (public: void __cdecl std::_Container_base12::_Orphan_all(void))" wurde importiert.
PuRe.Core.lib(SoundPlayer.obj) : warning LNK4217: Lokal definiertes Symbol "?_Getpfirst@_Container_base12@std@@QEBAPEAPEAU_Iterator_base12@2@XZ (public: struct std::_Iterator_base12 * * __cdecl std::_Container_base12::_Getpfirst(void)const )" wurde in "public: void __cdecl std::list<struct std::pair<class std::basic_string<char,struct std::char_traits<char>,class std::allocator<char> > const ,struct PuReEngine::Core::CSoundPlayer::SSound>,class std::allocator<struct std::pair<class std::basic_string<char,struct std::char_traits<char>,class std::allocator<char> > const ,struct PuReEngine::Core::CSoundPlayer::SSound> > >::_Orphan_ptr(class std::list<struct std::pair<class std::basic_string<char,struct std::char_traits<char>,class std::allocator<char> > const ,struct PuReEngine::Core::CSoundPlayer::SSound>,class std::allocator<struct std::pair<class std::basic_string<char,struct std::char_traits<char>,class std::allocator<char> > const ,struct PuReEngine::Core::CSoundPlayer::SSound> > > &,struct std::_List_node<struct std::pair<class std::basic_string<char,struct std::char_traits<char>,class std::allocator<char> > const ,struct PuReEngine::Core::CSoundPlayer::SSound>,void *> *)const " (?_Orphan_ptr@?$list@U?$pair@$$CBV?$basic_string@DU?$char_traits@D@std@@V?$allocator@D@2@@std@@USSound@CSoundPlayer@Core@PuReEngine@@@std@@V?$allocator@U?$pair@$$CBV?$basic_string@DU?$char_traits@D@std@@V?$allocator@D@2@@std@@USSound@CSoundPlayer@Core@PuReEngine@@@std@@@2@@std@@QEBAXAEAV12@PEAU?$_List_node@U?$pair@$$CBV?$basic_string@DU?$char_traits@D@std@@V?$allocator@D@2@@std@@USSound@CSoundPlayer@Core@PuReEngine@@@std@@PEAX@2@@Z)-Funktion importiert.
PuRe.Core.lib(DbgHelpDLL.obj) : warning LNK4217: Lokal definiertes Symbol "printf" wurde in "public: static bool __cdecl PuReEngine::Core::CDbgHelpDLL::LoadDLL(void)" (?LoadDLL@CDbgHelpDLL@Core@PuReEngine@@SA_NXZ)-Funktion importiert.
lua52.lib(lauxlib.obj) : error LNK2019: Verweis auf nicht aufgelöstes externes Symbol "__iob_func" in Funktion "luaL_loadfilex".
lua52.lib(lbaselib.obj) : error LNK2001: Nicht aufgelöstes externes Symbol "__iob_func".
lua52.lib(liolib.obj) : error LNK2001: Nicht aufgelöstes externes Symbol "__iob_func".
lua52.lib(ldblib.obj) : error LNK2001: Nicht aufgelöstes externes Symbol "__iob_func".
lua52.lib(lauxlib.obj) : error LNK2019: Verweis auf nicht aufgelöstes externes Symbol "fprintf" in Funktion "panic".
lua52.lib(liolib.obj) : error LNK2001: Nicht aufgelöstes externes Symbol "fprintf".
lua52.lib(ldblib.obj) : error LNK2001: Nicht aufgelöstes externes Symbol "fprintf".
lua52.lib(lobject.obj) : error LNK2019: Verweis auf nicht aufgelöstes externes Symbol "sprintf" in Funktion "luaO_pushvfstring".
lua52.lib(lvm.obj) : error LNK2001: Nicht aufgelöstes externes Symbol "sprintf".
lua52.lib(lstrlib.obj) : error LNK2001: Nicht aufgelöstes externes Symbol "sprintf".
lua52.lib(liolib.obj) : error LNK2019: Verweis auf nicht aufgelöstes externes Symbol "fscanf" in Funktion "g_read".
PuRe.Core.lib(Sprite.obj) : error LNK2019: Verweis auf nicht aufgelöstes externes Symbol ""__declspec(dllimport) void __cdecl terminate(void)" (__imp_?terminate@@YAXXZ)" in Funktion ""public: __cdecl std::thread::~thread(void)" (??1thread@std@@QEAA@XZ)".
PuRe.Core.lib(Application.obj) : error LNK2001: Nicht aufgelöstes externes Symbol ""__declspec(dllimport) char const * __cdecl std::_Winerror_map(int)" (__imp_?_Winerror_map@std@@YAPEBDH@Z)".
PuRe.Core.lib(Quad.obj) : error LNK2001: Nicht aufgelöstes externes Symbol ""__declspec(dllimport) char const * __cdecl std::_Winerror_map(int)" (__imp_?_Winerror_map@std@@YAPEBDH@Z)".
PuRe.Core.lib(Sprite.obj) : error LNK2001: Nicht aufgelöstes externes Symbol ""__declspec(dllimport) char const * __cdecl std::_Winerror_map(int)" (__imp_?_Winerror_map@std@@YAPEBDH@Z)".
PuRe.Core.lib(Camera.obj) : error LNK2001: Nicht aufgelöstes externes Symbol ""__declspec(dllimport) char const * __cdecl std::_Winerror_map(int)" (__imp_?_Winerror_map@std@@YAPEBDH@Z)".
PuRe.Core.lib(Font.obj) : error LNK2001: Nicht aufgelöstes externes Symbol ""__declspec(dllimport) char const * __cdecl std::_Winerror_map(int)" (__imp_?_Winerror_map@std@@YAPEBDH@Z)".
PuRe.Core.lib(PlatformWin.obj) : error LNK2001: Nicht aufgelöstes externes Symbol ""__declspec(dllimport) char const * __cdecl std::_Winerror_map(int)" (__imp_?_Winerror_map@std@@YAPEBDH@Z)".
PuRe.Core.lib(Sprite.obj) : error LNK2019: Verweis auf nicht aufgelöstes externes Symbol ""__declspec(dllimport) public: __cdecl std::_Pad::_Pad(void)" (__imp_??0_Pad@std@@QEAA@XZ)" in Funktion ""public: __cdecl std::_LaunchPad<class std::_Bind<1,void,struct std::_Pmf_wrap<void (__cdecl PuReEngine::Core::CSprite::*)(char const *),void,class PuReEngine::Core::CSprite,char const *>,class PuReEngine::Core::CSprite *,char const *> >::_LaunchPad<class std::_Bind<1,void,struct std::_Pmf_wrap<void (__cdecl PuReEngine::Core::CSprite::*)(char const *),void,class PuReEngine::Core::CSprite,char const *>,class PuReEngine::Core::CSprite *,char const *> ><class std::_Bind<1,void,struct std::_Pmf_wrap<void (__cdecl PuReEngine::Core::CSprite::*)(char const *),void,class PuReEngine::Core::CSprite,char const *>,class PuReEngine::Core::CSprite *,char const *> >(class std::_Bind<1,void,struct std::_Pmf_wrap<void (__cdecl PuReEngine::Core::CSprite::*)(char const *),void,class PuReEngine::Core::CSprite,char const *>,class PuReEngine::Core::CSprite *,char const *> &&)" (??$?0V?$_Bind@$00XU?$_Pmf_wrap@P8CSprite@Core@PuReEngine@@EAAXPEBD@ZXV123@PEBD@std@@PEAVCSprite@Core@PuReEngine@@PEBD@std@@@?$_LaunchPad@V?$_Bind@$00XU?$_Pmf_wrap@P8CSprite@Core@PuReEngine@@EAAXPEBD@ZXV123@PEBD@std@@PEAVCSprite@Core@PuReEngine@@PEBD@std@@@std@@QEAA@$$QEAV?$_Bind@$00XU?$_Pmf_wrap@P8CSprite@Core@PuReEngine@@EAAXPEBD@ZXV123@PEBD@std@@PEAVCSprite@Core@PuReEngine@@PEBD@1@@Z)".
PuRe.Core.lib(Sprite.obj) : error LNK2019: Verweis auf nicht aufgelöstes externes Symbol ""__declspec(dllimport) public: __cdecl std::_Pad::~_Pad(void)" (__imp_??1_Pad@std@@QEAA@XZ)" in Funktion ""int `public: __cdecl std::_LaunchPad<class std::_Bind<1,void,struct std::_Pmf_wrap<void (__cdecl PuReEngine::Core::CSprite::*)(char const *),void,class PuReEngine::Core::CSprite,char const *>,class PuReEngine::Core::CSprite *,char const *> >::_LaunchPad<class std::_Bind<1,void,struct std::_Pmf_wrap<void (__cdecl PuReEngine::Core::CSprite::*)(char const *),void,class PuReEngine::Core::CSprite,char const *>,class PuReEngine::Core::CSprite *,char const *> ><class std::_Bind<1,void,struct std::_Pmf_wrap<void (__cdecl PuReEngine::Core::CSprite::*)(char const *),void,class PuReEngine::Core::CSprite,char const *>,class PuReEngine::Core::CSprite *,char const *> >(class _LaunchPad<class std::_Bind<1,void,struct std::_Pmf_wrap<void (__cdecl PuReEngine::Core::CSprite::*)(char const *),void,class PuReEngine::Core::CSprite,char const *>,class PuReEngine::Core::CSprite *,char const *> >::_Bind<1,void,struct std::_Pmf_wrap<void (__cdecl PuReEngine::Core::CSprite::*)(char const *),void,class PuReEngine::Core::CSprite,char const *>,class PuReEngine::Core::CSprite *,char const *> &&)'::`1'::dtor$0" (?dtor$0@?0???$?0V?$_Bind@$00XU?$_Pmf_wrap@P8CSprite@Core@PuReEngine@@EAAXPEBD@ZXV123@PEBD@std@@PEAVCSprite@Core@PuReEngine@@PEBD@std@@@?$_LaunchPad@V?$_Bind@$00XU?$_Pmf_wrap@P8CSprite@Core@PuReEngine@@EAAXPEBD@ZXV123@PEBD@std@@PEAVCSprite@Core@PuReEngine@@PEBD@std@@@std@@QEAA@$$QEAV?$_Bind@$00XU?$_Pmf_wrap@P8CSprite@Core@PuReEngine@@EAAXPEBD@ZXV123@PEBD@std@@PEAVCSprite@Core@PuReEngine@@PEBD@1@@Z@4HA)".
PuRe.Core.lib(Sprite.obj) : error LNK2019: Verweis auf nicht aufgelöstes externes Symbol ""__declspec(dllimport) public: void __cdecl std::_Pad::_Launch(struct _Thrd_imp_t *)" (__imp_?_Launch@_Pad@std@@QEAAXPEAU_Thrd_imp_t@@@Z)" in Funktion ""void __cdecl std::_Launch<class std::_Bind<1,void,struct std::_Pmf_wrap<void (__cdecl PuReEngine::Core::CSprite::*)(char const *),void,class PuReEngine::Core::CSprite,char const *>,class PuReEngine::Core::CSprite *,char const *> >(struct _Thrd_imp_t *,class std::_Bind<1,void,struct std::_Pmf_wrap<void (__cdecl PuReEngine::Core::CSprite::*)(char const *),void,class PuReEngine::Core::CSprite,char const *>,class PuReEngine::Core::CSprite *,char const *> &&)" (??$_Launch@V?$_Bind@$00XU?$_Pmf_wrap@P8CSprite@Core@PuReEngine@@EAAXPEBD@ZXV123@PEBD@std@@PEAVCSprite@Core@PuReEngine@@PEBD@std@@@std@@YAXPEAU_Thrd_imp_t@@$$QEAV?$_Bind@$00XU?$_Pmf_wrap@P8CSprite@Core@PuReEngine@@EAAXPEBD@ZXV123@PEBD@std@@PEAVCSprite@Core@PuReEngine@@PEBD@0@@Z)".
PuRe.Core.lib(Sprite.obj) : error LNK2019: Verweis auf nicht aufgelöstes externes Symbol ""__declspec(dllimport) public: void __cdecl std::_Pad::_Release(void)" (__imp_?_Release@_Pad@std@@QEAAXXZ)" in Funktion ""private: static unsigned int __cdecl std::_LaunchPad<class std::_Bind<1,void,struct std::_Pmf_wrap<void (__cdecl PuReEngine::Core::CSprite::*)(char const *),void,class PuReEngine::Core::CSprite,char const *>,class PuReEngine::Core::CSprite *,char const *> >::_Run(class std::_LaunchPad<class std::_Bind<1,void,struct std::_Pmf_wrap<void (__cdecl PuReEngine::Core::CSprite::*)(char const *),void,class PuReEngine::Core::CSprite,char const *>,class PuReEngine::Core::CSprite *,char const *> > *)" (?_Run@?$_LaunchPad@V?$_Bind@$00XU?$_Pmf_wrap@P8CSprite@Core@PuReEngine@@EAAXPEBD@ZXV123@PEBD@std@@PEAVCSprite@Core@PuReEngine@@PEBD@std@@@std@@CAIPEAV12@@Z)".
PuRe.Core.lib(StackTraceWin.obj) : error LNK2019: Verweis auf nicht aufgelöstes externes Symbol "__imp_vsprintf_s" in Funktion ""int __cdecl sprintf_s<10>(char (&)[10],char const *,...)" (??$sprintf_s@$09@@YAHAEAY09DPEBDZZ)".
..\..\..\bin\x64\Debug_STUFF.exe : fatal error LNK1120: 11 nicht aufgelöste Externe
